2024-05-16 17:36:48 Warning: Warning (2): mysql_connect() [<a href='http://php.net/function.mysql-connect'>function.mysql-connect</a>]: No such file or directory in [CORE/cake/libs/model/datasources/dbo/dbo_mysql.php, line 374]
2024-05-16 17:36:48 Warning: Warning (2): mysql_select_db() expects parameter 2 to be resource, boolean given in [CORE/cake/libs/model/datasources/dbo/dbo_mysql.php, line 379]
2024-05-16 17:36:48 Warning: Warning (2): mysql_get_server_info() expects parameter 1 to be resource, boolean given in [CORE/cake/libs/model/datasources/dbo/dbo_mysql.php, line 387]
2024-05-16 17:36:48 Warning: Warning (2): mysql_query() expects parameter 2 to be resource, boolean given in [CORE/cake/libs/model/datasources/dbo/dbo_mysql.php, line 411]
2024-05-16 17:37:19 Warning: Warning (2): mysql_connect() [<a href='http://php.net/function.mysql-connect'>function.mysql-connect</a>]: No such file or directory in [CORE/cake/libs/model/datasources/dbo/dbo_mysql.php, line 374]
2024-05-16 17:37:19 Warning: Warning (2): mysql_select_db() expects parameter 2 to be resource, boolean given in [CORE/cake/libs/model/datasources/dbo/dbo_mysql.php, line 379]
2024-05-16 17:37:19 Warning: Warning (2): mysql_get_server_info() expects parameter 1 to be resource, boolean given in [CORE/cake/libs/model/datasources/dbo/dbo_mysql.php, line 387]
2024-05-16 17:37:19 Warning: Warning (2): mysql_query() expects parameter 2 to be resource, boolean given in [CORE/cake/libs/model/datasources/dbo/dbo_mysql.php, line 411]
2024-05-16 17:37:32 Warning: Warning (2): mysql_connect() [<a href='http://php.net/function.mysql-connect'>function.mysql-connect</a>]: Server sent charset (255) unknown to the client. Please, report to the developers in [CORE/cake/libs/model/datasources/dbo/dbo_mysql.php, line 374]
2024-05-16 17:37:32 Warning: Warning (2): mysql_connect() [<a href='http://php.net/function.mysql-connect'>function.mysql-connect</a>]: Server sent charset unknown to the client. Please, report to the developers in [CORE/cake/libs/model/datasources/dbo/dbo_mysql.php, line 374]
2024-05-16 17:37:32 Warning: Warning (2): mysql_select_db() expects parameter 2 to be resource, boolean given in [CORE/cake/libs/model/datasources/dbo/dbo_mysql.php, line 379]
2024-05-16 17:37:32 Warning: Warning (2): mysql_get_server_info() expects parameter 1 to be resource, boolean given in [CORE/cake/libs/model/datasources/dbo/dbo_mysql.php, line 387]
2024-05-16 17:37:32 Warning: Warning (2): mysql_query() expects parameter 2 to be resource, boolean given in [CORE/cake/libs/model/datasources/dbo/dbo_mysql.php, line 411]
2024-05-16 17:38:29 Warning: Warning (2): mysql_connect() [<a href='http://php.net/function.mysql-connect'>function.mysql-connect</a>]: Server sent charset (255) unknown to the client. Please, report to the developers in [CORE/cake/libs/model/datasources/dbo/dbo_mysql.php, line 374]
2024-05-16 17:38:29 Warning: Warning (2): mysql_connect() [<a href='http://php.net/function.mysql-connect'>function.mysql-connect</a>]: Server sent charset unknown to the client. Please, report to the developers in [CORE/cake/libs/model/datasources/dbo/dbo_mysql.php, line 374]
2024-05-16 17:38:29 Warning: Warning (2): mysql_select_db() expects parameter 2 to be resource, boolean given in [CORE/cake/libs/model/datasources/dbo/dbo_mysql.php, line 379]
2024-05-16 17:38:29 Warning: Warning (2): mysql_get_server_info() expects parameter 1 to be resource, boolean given in [CORE/cake/libs/model/datasources/dbo/dbo_mysql.php, line 387]
2024-05-16 17:38:29 Warning: Warning (2): mysql_query() expects parameter 2 to be resource, boolean given in [CORE/cake/libs/model/datasources/dbo/dbo_mysql.php, line 411]
2024-05-16 17:40:44 Warning: Warning (2): mysql_pconnect() [<a href='http://php.net/function.mysql-pconnect'>function.mysql-pconnect</a>]: Server sent charset (255) unknown to the client. Please, report to the developers in [CORE/cake/libs/model/datasources/dbo/dbo_mysql.php, line 376]
2024-05-16 17:40:44 Warning: Warning (2): mysql_pconnect() [<a href='http://php.net/function.mysql-pconnect'>function.mysql-pconnect</a>]: Server sent charset unknown to the client. Please, report to the developers in [CORE/cake/libs/model/datasources/dbo/dbo_mysql.php, line 376]
2024-05-16 17:40:44 Warning: Warning (2): mysql_select_db() expects parameter 2 to be resource, boolean given in [CORE/cake/libs/model/datasources/dbo/dbo_mysql.php, line 379]
2024-05-16 17:40:44 Warning: Warning (2): mysql_get_server_info() expects parameter 1 to be resource, boolean given in [CORE/cake/libs/model/datasources/dbo/dbo_mysql.php, line 387]
2024-05-16 17:40:44 Warning: Warning (2): mysql_query() expects parameter 2 to be resource, boolean given in [CORE/cake/libs/model/datasources/dbo/dbo_mysql.php, line 411]
2024-05-16 17:40:57 Warning: Warning (2): mysql_pconnect() [<a href='http://php.net/function.mysql-pconnect'>function.mysql-pconnect</a>]: Server sent charset (255) unknown to the client. Please, report to the developers in [CORE/cake/libs/model/datasources/dbo/dbo_mysql.php, line 376]
2024-05-16 17:40:57 Warning: Warning (2): mysql_pconnect() [<a href='http://php.net/function.mysql-pconnect'>function.mysql-pconnect</a>]: Server sent charset unknown to the client. Please, report to the developers in [CORE/cake/libs/model/datasources/dbo/dbo_mysql.php, line 376]
2024-05-16 17:40:57 Warning: Warning (2): mysql_select_db() expects parameter 2 to be resource, boolean given in [CORE/cake/libs/model/datasources/dbo/dbo_mysql.php, line 379]
2024-05-16 17:40:57 Warning: Warning (2): mysql_get_server_info() expects parameter 1 to be resource, boolean given in [CORE/cake/libs/model/datasources/dbo/dbo_mysql.php, line 387]
2024-05-16 17:40:57 Warning: Warning (2): mysql_query() expects parameter 2 to be resource, boolean given in [CORE/cake/libs/model/datasources/dbo/dbo_mysql.php, line 411]
2024-05-16 17:43:52 Warning: Warning (2): mysql_pconnect() [<a href='http://php.net/function.mysql-pconnect'>function.mysql-pconnect</a>]: Server sent charset (255) unknown to the client. Please, report to the developers in [CORE/cake/libs/model/datasources/dbo/dbo_mysql.php, line 376]
2024-05-16 17:43:52 Warning: Warning (2): mysql_pconnect() [<a href='http://php.net/function.mysql-pconnect'>function.mysql-pconnect</a>]: Server sent charset unknown to the client. Please, report to the developers in [CORE/cake/libs/model/datasources/dbo/dbo_mysql.php, line 376]
2024-05-16 17:43:52 Warning: Warning (2): mysql_select_db() expects parameter 2 to be resource, boolean given in [CORE/cake/libs/model/datasources/dbo/dbo_mysql.php, line 379]
2024-05-16 17:43:52 Warning: Warning (2): mysql_get_server_info() expects parameter 1 to be resource, boolean given in [CORE/cake/libs/model/datasources/dbo/dbo_mysql.php, line 387]
2024-05-16 17:43:52 Warning: Warning (2): mysql_query() expects parameter 2 to be resource, boolean given in [CORE/cake/libs/model/datasources/dbo/dbo_mysql.php, line 411]
2024-05-16 17:44:15 Warning: Warning (2): mysql_pconnect() [<a href='http://php.net/function.mysql-pconnect'>function.mysql-pconnect</a>]: No such file or directory in [CORE/cake/libs/model/datasources/dbo/dbo_mysql.php, line 376]
2024-05-16 17:44:15 Warning: Warning (2): mysql_select_db() expects parameter 2 to be resource, boolean given in [CORE/cake/libs/model/datasources/dbo/dbo_mysql.php, line 379]
2024-05-16 17:44:15 Warning: Warning (2): mysql_get_server_info() expects parameter 1 to be resource, boolean given in [CORE/cake/libs/model/datasources/dbo/dbo_mysql.php, line 387]
2024-05-16 17:44:15 Warning: Warning (2): mysql_query() expects parameter 2 to be resource, boolean given in [CORE/cake/libs/model/datasources/dbo/dbo_mysql.php, line 411]
2024-05-16 17:44:16 Warning: Warning (2): mysql_pconnect() [<a href='http://php.net/function.mysql-pconnect'>function.mysql-pconnect</a>]: No such file or directory in [CORE/cake/libs/model/datasources/dbo/dbo_mysql.php, line 376]
2024-05-16 17:44:16 Warning: Warning (2): mysql_select_db() expects parameter 2 to be resource, boolean given in [CORE/cake/libs/model/datasources/dbo/dbo_mysql.php, line 379]
2024-05-16 17:44:16 Warning: Warning (2): mysql_get_server_info() expects parameter 1 to be resource, boolean given in [CORE/cake/libs/model/datasources/dbo/dbo_mysql.php, line 387]
2024-05-16 17:44:16 Warning: Warning (2): mysql_query() expects parameter 2 to be resource, boolean given in [CORE/cake/libs/model/datasources/dbo/dbo_mysql.php, line 411]
2024-05-16 17:44:25 Warning: Warning (2): mysql_pconnect() [<a href='http://php.net/function.mysql-pconnect'>function.mysql-pconnect</a>]: Server sent charset (255) unknown to the client. Please, report to the developers in [CORE/cake/libs/model/datasources/dbo/dbo_mysql.php, line 376]
2024-05-16 17:44:25 Warning: Warning (2): mysql_pconnect() [<a href='http://php.net/function.mysql-pconnect'>function.mysql-pconnect</a>]: Server sent charset unknown to the client. Please, report to the developers in [CORE/cake/libs/model/datasources/dbo/dbo_mysql.php, line 376]
2024-05-16 17:44:25 Warning: Warning (2): mysql_select_db() expects parameter 2 to be resource, boolean given in [CORE/cake/libs/model/datasources/dbo/dbo_mysql.php, line 379]
2024-05-16 17:44:25 Warning: Warning (2): mysql_get_server_info() expects parameter 1 to be resource, boolean given in [CORE/cake/libs/model/datasources/dbo/dbo_mysql.php, line 387]
2024-05-16 17:44:25 Warning: Warning (2): mysql_query() expects parameter 2 to be resource, boolean given in [CORE/cake/libs/model/datasources/dbo/dbo_mysql.php, line 411]
2024-05-16 17:44:48 Warning: Warning (2): mysql_pconnect() [<a href='http://php.net/function.mysql-pconnect'>function.mysql-pconnect</a>]: Server sent charset (255) unknown to the client. Please, report to the developers in [CORE/cake/libs/model/datasources/dbo/dbo_mysql.php, line 376]
2024-05-16 17:44:48 Warning: Warning (2): mysql_pconnect() [<a href='http://php.net/function.mysql-pconnect'>function.mysql-pconnect</a>]: Server sent charset unknown to the client. Please, report to the developers in [CORE/cake/libs/model/datasources/dbo/dbo_mysql.php, line 376]
2024-05-16 17:44:48 Warning: Warning (2): mysql_select_db() expects parameter 2 to be resource, boolean given in [CORE/cake/libs/model/datasources/dbo/dbo_mysql.php, line 379]
2024-05-16 17:44:48 Warning: Warning (2): mysql_get_server_info() expects parameter 1 to be resource, boolean given in [CORE/cake/libs/model/datasources/dbo/dbo_mysql.php, line 387]
2024-05-16 17:44:48 Warning: Warning (2): mysql_query() expects parameter 2 to be resource, boolean given in [CORE/cake/libs/model/datasources/dbo/dbo_mysql.php, line 411]
2024-05-16 17:45:10 Warning: Warning (2): mysql_pconnect() [<a href='http://php.net/function.mysql-pconnect'>function.mysql-pconnect</a>]: Server sent charset (255) unknown to the client. Please, report to the developers in [CORE/cake/libs/model/datasources/dbo/dbo_mysql.php, line 376]
2024-05-16 17:45:10 Warning: Warning (2): mysql_pconnect() [<a href='http://php.net/function.mysql-pconnect'>function.mysql-pconnect</a>]: Server sent charset unknown to the client. Please, report to the developers in [CORE/cake/libs/model/datasources/dbo/dbo_mysql.php, line 376]
2024-05-16 17:45:10 Warning: Warning (2): mysql_select_db() expects parameter 2 to be resource, boolean given in [CORE/cake/libs/model/datasources/dbo/dbo_mysql.php, line 379]
2024-05-16 17:45:10 Warning: Warning (2): mysql_get_server_info() expects parameter 1 to be resource, boolean given in [CORE/cake/libs/model/datasources/dbo/dbo_mysql.php, line 387]
2024-05-16 17:45:10 Warning: Warning (2): mysql_query() expects parameter 2 to be resource, boolean given in [CORE/cake/libs/model/datasources/dbo/dbo_mysql.php, line 411]
